<?xml version="1.0" encoding="UTF-8"?>
<!-- Generated by org.testng.reporters.JUnitReportReporter -->
<testsuite skipped="0" hostname="IBM927-PC0BRLZW" name="com.training.sanity.tests.CreateCourseTests_022" tests="3" failures="0" timestamp="18 Feb 2019 11:00:48 GMT" time="23.871" errors="0">
  <testcase name="validLoginTest" time="13.723" classname="com.training.sanity.tests.CreateCourseTests_022"/>
  <testcase name="createCourseTest" time="10.088" classname="com.training.sanity.tests.CreateCourseTests_022"/>
  <testcase name="assertResult22" time="0.060" classname="com.training.sanity.tests.CreateCourseTests_022"/>
</testsuite> <!-- com.training.sanity.tests.CreateCourseTests_022 -->
