<?xml version="1.0" encoding="UTF-8"?>
<!-- Generated by org.testng.reporters.JUnitReportReporter -->
<testsuite skipped="0" hostname="IBM927-PC0BRLZW" name="com.training.sanity.tests.AddCategoryTests_024" tests="3" failures="0" timestamp="18 Feb 2019 05:16:03 GMT" time="29.158" errors="0">
  <testcase name="validLoginTest" time="16.191" classname="com.training.sanity.tests.AddCategoryTests_024"/>
  <testcase name="addCategoryTest" time="12.869" classname="com.training.sanity.tests.AddCategoryTests_024"/>
  <testcase name="assertResult24" time="0.098" classname="com.training.sanity.tests.AddCategoryTests_024"/>
</testsuite> <!-- com.training.sanity.tests.AddCategoryTests_024 -->
