<?xml version="1.0" encoding="UTF-8"?>
<!-- Generated by org.testng.reporters.JUnitReportReporter -->
<testsuite skipped="0" hostname="IBM927-PC0BRLZW" name="com.training.sanity.tests.DeleteCategoryTests_025" tests="2" failures="0" timestamp="18 Feb 2019 12:06:11 GMT" time="25.085" errors="0">
  <testcase name="validLoginTest" time="16.751" classname="com.training.sanity.tests.DeleteCategoryTests_025"/>
  <testcase name="deleteCategoryTest" time="8.334" classname="com.training.sanity.tests.DeleteCategoryTests_025"/>
</testsuite> <!-- com.training.sanity.tests.DeleteCategoryTests_025 -->
