<?xml version="1.0" encoding="UTF-8"?>
<!-- Generated by org.testng.reporters.JUnitReportReporter -->
<testsuite skipped="0" hostname="IBM927-PC0BRLZW" name="com.training.regression.tests.LoginExcelTest" tests="1" failures="0" timestamp="28 Feb 2019 09:20:02 GMT" time="26.209" errors="0">
  <testcase name="loginDBTest" time="26.209" classname="com.training.regression.tests.LoginExcelTest"/>
</testsuite> <!-- com.training.regression.tests.LoginExcelTest -->
