<?xml version="1.0" encoding="UTF-8"?>
<!-- Generated by org.testng.reporters.JUnitReportReporter -->
<testsuite skipped="0" hostname="IBM927-PC0BRLZW" name="com.training.sanity.tests.AddUser2CourseTests_023" tests="3" failures="0" timestamp="18 Feb 2019 11:05:09 GMT" time="23.328" errors="0">
  <testcase name="validLoginTest" time="12.241" classname="com.training.sanity.tests.AddUser2CourseTests_023"/>
  <testcase name="addUser2CourseTest" time="11.005" classname="com.training.sanity.tests.AddUser2CourseTests_023"/>
  <testcase name="assertResult23" time="0.082" classname="com.training.sanity.tests.AddUser2CourseTests_023"/>
</testsuite> <!-- com.training.sanity.tests.AddUser2CourseTests_023 -->
