<?xml version="1.0" encoding="UTF-8"?>
<!-- Generated by org.testng.reporters.JUnitReportReporter -->
<testsuite skipped="0" hostname="IBM927-PC0BRLZW" name="com.training.sanity.tests.CreateCareerAndPromotionTests_055" tests="4" failures="0" timestamp="22 Feb 2019 04:32:53 GMT" time="56.567" errors="0">
  <testcase name="validLoginTest" time="13.292" classname="com.training.sanity.tests.CreateCareerAndPromotionTests_055"/>
  <testcase name="createCareerTest" time="30.091" classname="com.training.sanity.tests.CreateCareerAndPromotionTests_055"/>
  <testcase name="createPromotionTest" time="7.562" classname="com.training.sanity.tests.CreateCareerAndPromotionTests_055"/>
  <testcase name="subscribeSessionsTest" time="5.622" classname="com.training.sanity.tests.CreateCareerAndPromotionTests_055"/>
</testsuite> <!-- com.training.sanity.tests.CreateCareerAndPromotionTests_055 -->
