<?xml version="1.0" encoding="UTF-8"?>
<!-- Generated by org.testng.reporters.JUnitReportReporter -->
<testsuite skipped="0" hostname="IBM927-PC0BRLZW" name="com.training.sanity.tests.ModifyUserDetailTests_051" tests="3" failures="0" timestamp="20 Feb 2019 04:59:56 GMT" time="43.357" errors="0">
  <testcase name="validLoginTest" time="6.739" classname="com.training.sanity.tests.ModifyUserDetailTests_051"/>
  <testcase name="editUserDetailTest" time="36.563" classname="com.training.sanity.tests.ModifyUserDetailTests_051"/>
  <testcase name="assertResult51" time="0.055" classname="com.training.sanity.tests.ModifyUserDetailTests_051"/>
</testsuite> <!-- com.training.sanity.tests.ModifyUserDetailTests_051 -->
