<?xml version="1.0" encoding="UTF-8"?>
<!-- Generated by org.testng.reporters.JUnitReportReporter -->
<testsuite skipped="0" hostname="IBM927-PC0BRLZW" name="com.training.sanity.tests.AddUser2CourseTests_023" tests="4" failures="0" timestamp="03 Mar 2019 19:43:12 GMT" time="23.161" errors="0">
  <testcase name="validLoginTest" time="12.484" classname="com.training.sanity.tests.AddUser2CourseTests_023"/>
  <testcase name="addUser2CourseTest" time="10.585" classname="com.training.sanity.tests.AddUser2CourseTests_023"/>
  <testcase name="assertResult23" time="0.054" classname="com.training.sanity.tests.AddUser2CourseTests_023"/>
  <testcase name="assertResult24" time="0.038" classname="com.training.sanity.tests.AddUser2CourseTests_023"/>
</testsuite> <!-- com.training.sanity.tests.AddUser2CourseTests_023 -->
