<?xml version="1.0" encoding="UTF-8"?>
<!-- Generated by org.testng.reporters.JUnitReportReporter -->
<testsuite skipped="0" hostname="IBM927-PC0BRLZW" name="com.training.sanity.tests.DeleteCategoryTests_025" tests="2" failures="0" timestamp="14 Feb 2019 08:21:54 GMT" time="19.714" errors="0">
  <testcase name="validLoginTest" time="11.143" classname="com.training.sanity.tests.DeleteCategoryTests_025"/>
  <testcase name="deleteCategoryTest" time="8.571" classname="com.training.sanity.tests.DeleteCategoryTests_025"/>
</testsuite> <!-- com.training.sanity.tests.DeleteCategoryTests_025 -->
