<?xml version="1.0" encoding="UTF-8"?>
<!-- Generated by org.testng.reporters.JUnitReportReporter -->
<testsuite skipped="0" hostname="IBM927-PC0BRLZW" name="com.training.sanity.tests.DeleteCourseTest_021" tests="2" failures="0" timestamp="18 Feb 2019 10:49:12 GMT" time="14.341" errors="0">
  <testcase name="validLoginTest" time="4.849" classname="com.training.sanity.tests.DeleteCourseTest_021"/>
  <testcase name="validDeleteCourseTest" time="9.492" classname="com.training.sanity.tests.DeleteCourseTest_021"/>
</testsuite> <!-- com.training.sanity.tests.DeleteCourseTest_021 -->
