<?xml version="1.0" encoding="UTF-8"?>
<!-- Generated by org.testng.reporters.JUnitReportReporter -->
<testsuite skipped="1" hostname="IBM927-PC0BRLZW" name="com.training.sanity.tests.GenerateStudentReportTests_053" tests="4" failures="0" timestamp="27 Feb 2019 16:24:38 GMT" time="54.589" errors="0">
  <testcase name="validLoginTest" time="12.741" classname="com.training.sanity.tests.GenerateStudentReportTests_053"/>
  <testcase name="editUserDetailTest" time="11.388" classname="com.training.sanity.tests.GenerateStudentReportTests_053"/>
  <testcase name="completeEditTest" time="30.460" classname="com.training.sanity.tests.GenerateStudentReportTests_053"/>
  <testcase name="assertResult53" classname="com.training.sanity.tests.GenerateStudentReportTests_053">
    <skipped/>
  </testcase> <!-- assertResult53 -->
</testsuite> <!-- com.training.sanity.tests.GenerateStudentReportTests_053 -->
