<?xml version="1.0" encoding="UTF-8"?>
<!-- Generated by org.testng.reporters.JUnitReportReporter -->
<testsuite skipped="0" hostname="IBM927-PC0BRLZW" name="com.training.regression.tests.LoginDBTest" tests="1" failures="0" timestamp="06 Mar 2019 06:15:42 GMT" time="22.907" errors="0">
  <testcase name="loginDBTest" time="22.907" classname="com.training.regression.tests.LoginDBTest"/>
</testsuite> <!-- com.training.regression.tests.LoginDBTest -->
