<?xml version="1.0" encoding="UTF-8"?>
<!-- Generated by org.testng.reporters.JUnitReportReporter -->
<testsuite skipped="0" hostname="IBM927-PC0BRLZW" name="com.training.sanity.tests.CreateCareerAndPromotionTests_055" tests="4" failures="0" timestamp="03 Mar 2019 20:03:05 GMT" time="31.409" errors="0">
  <testcase name="validLoginTest" time="4.975" classname="com.training.sanity.tests.CreateCareerAndPromotionTests_055"/>
  <testcase name="createCareerTest" time="11.338" classname="com.training.sanity.tests.CreateCareerAndPromotionTests_055"/>
  <testcase name="createPromotionTest" time="9.939" classname="com.training.sanity.tests.CreateCareerAndPromotionTests_055"/>
  <testcase name="subscribeSessionsTest" time="5.157" classname="com.training.sanity.tests.CreateCareerAndPromotionTests_055"/>
</testsuite> <!-- com.training.sanity.tests.CreateCareerAndPromotionTests_055 -->
