<?xml version="1.0" encoding="UTF-8"?>
<!-- Generated by org.testng.reporters.JUnitReportReporter -->
<testsuite skipped="0" hostname="IBM927-PC0BRLZW" name="com.training.sanity.tests.LoginTests" tests="1" failures="0" timestamp="10 Mar 2019 19:47:20 GMT" time="45.752" errors="0">
  <testcase name="validLoginTest" time="45.752" classname="com.training.sanity.tests.LoginTests"/>
</testsuite> <!-- com.training.sanity.tests.LoginTests -->
