<?xml version="1.0" encoding="UTF-8"?>
<!-- Generated by org.testng.reporters.JUnitReportReporter -->
<testsuite skipped="0" hostname="IBM927-PC0BRLZW" name="com.training.regression.tests.ELTD83Test" tests="1" failures="0" timestamp="06 Mar 2019 08:52:16 GMT" time="42.517" errors="0">
  <testcase name="loginELTD81Test" time="42.517" classname="com.training.regression.tests.ELTD83Test"/>
</testsuite> <!-- com.training.regression.tests.ELTD83Test -->
