<?xml version="1.0" encoding="UTF-8"?>
<!-- Generated by org.testng.reporters.JUnitReportReporter -->
<testsuite skipped="0" hostname="IBM927-PC0BRLZW" name="com.training.sanity.tests.ModifyUserDetailTests_051" tests="2" failures="0" timestamp="03 Mar 2019 21:23:21 GMT" time="41.974" errors="0">
  <testcase name="validLoginTest" time="8.302" classname="com.training.sanity.tests.ModifyUserDetailTests_051"/>
  <testcase name="editUserDetailTest" time="33.672" classname="com.training.sanity.tests.ModifyUserDetailTests_051"/>
</testsuite> <!-- com.training.sanity.tests.ModifyUserDetailTests_051 -->
